<?xml version="1.0" encoding="UTF-8"?>
<!-- Generated by org.testng.reporters.JUnitReportReporter -->
<testsuite hostname="DESKTOP-9S82O2F" failures="0" tests="3" name="testpackage.testclass" time="15.883" errors="0" timestamp="2022-08-28T06:56:24 EET" skipped="0">
  <testcase classname="testpackage.testclass" name="searchForSelenium" time="7.735"/>
  <system-out/>
  <testcase classname="testpackage.testclass" name="NavigateToTachhealthAndAssertLogo" time="4.182"/>
  <system-out/>
  <testcase classname="testpackage.testclass" name="NavigateToTachhealthAndAssertPageTitle" time="3.966"/>
  <system-out/>
</testsuite> <!-- testpackage.testclass -->
